<?xml version="1.0" encoding="UTF-8"?>
<!-- Generated by org.testng.reporters.JUnitXMLReporter -->
<testsuite hostname="DESKTOP-CN90M96" name="Test" tests="1" failures="1" timestamp="21 Feb 2025 05:37:41 GMT" time="16.469" errors="0">
  <testcase name="search1" time="4.222" classname="org.test.TestRunner">
    <failure type="java.lang.AssertionError" message="The following asserts failed:
	expected [Arun] but found [Kumar]">
      <![CDATA[java.lang.AssertionError: The following asserts failed:
	expected [Arun] but found [Kumar]
	at org.test.TestRunner.search1(TestRunner.java:113)
... Removed 26 stack frames]]>
    </failure>
  </testcase> <!-- search1 -->
</testsuite> <!-- Test -->
