<?xml version="1.0" encoding="UTF-8"?>
<!-- Generated by org.testng.reporters.JUnitXMLReporter -->
<testsuite hostname="DESKTOP-CN90M96" ignored="1" name="Test" tests="1" failures="1" timestamp="21 Feb 2025 06:01:16 GMT" time="14.268" errors="0">
  <testcase name="search1" time="2.963" classname="org.test.TestRunner">
    <failure type="java.lang.AssertionError" message="The following asserts failed:
	expected [Arun] but found [Kumar]">
      <![CDATA[java.lang.AssertionError: The following asserts failed:
expected [Arun] but found [Kumar]
at org.test.TestRunner.search1(TestRunner.java:111)
... Removed 30 stack frames]]>
    </failure>
  </testcase> <!-- search1 -->
  <testcase name="search" time="0.0" classname="org.test.TestRunner">
    <ignored/>
  </testcase> <!-- search -->
</testsuite> <!-- Test -->
